<?xml version="1.0" encoding="UTF-8"?>
<!-- Generated by org.testng.reporters.JUnitXMLReporter -->
<testsuite ignored="0" hostname="DESKTOP-JKMLIMQ" failures="0" tests="3" name="Contact us page validation" time="9.477" errors="0" timestamp="2023-10-17T23:07:59 IST">
  <testcase classname="testing.TC_003" name="test_Contact_us_2" time="2.245"/>
  <testcase classname="testing.TC_003" name="test_homepage_1" time="0.736"/>
  <testcase classname="testing.TC_003" name="testing_3" time="0.006"/>
</testsuite> <!-- Contact us page validation -->
