<?xml version="1.0" encoding="UTF-8"?>
<!-- Generated by org.testng.reporters.JUnitXMLReporter -->
<testsuite ignored="0" hostname="DESKTOP-JKMLIMQ" failures="0" tests="3" name="Google3" time="3.528" errors="0" timestamp="2023-10-13T00:25:51 IST">
  <testcase classname="testScripts.GoogleTest" name="test_theLogo" time="1.189"/>
  <testcase classname="testScripts.GoogleTest" name="test_the_SearchTextBox" time="0.117"/>
  <testcase classname="testScripts.GoogleTest" name="title_url" time="0.056"/>
</testsuite> <!-- Google3 -->
