<?xml version="1.0" encoding="UTF-8"?>
<!-- Generated by org.testng.reporters.JUnitXMLReporter -->
<testsuite ignored="0" hostname="DESKTOP-JKMLIMQ" failures="0" tests="3" name="Google" time="10.66" errors="0" timestamp="2023-10-13T00:25:22 IST">
  <testcase classname="testScripts.GoogleTest" name="test_theLogo" time="0.188"/>
  <testcase classname="testScripts.GoogleTest" name="test_the_SearchTextBox" time="0.398"/>
  <testcase classname="testScripts.GoogleTest" name="title_url" time="0.045"/>
</testsuite> <!-- Google -->
