<?xml version="1.0" encoding="UTF-8"?>
<!-- Generated by org.testng.reporters.JUnitXMLReporter -->
<testsuite ignored="0" hostname="DESKTOP-JKMLIMQ" failures="0" tests="3" name="W3School2" time="4.546" errors="0" timestamp="2023-10-13T00:25:47 IST">
  <testcase classname="testScripts.W3School_Test" name="test_theLogo" time="0.11"/>
  <testcase classname="testScripts.W3School_Test" name="test_the_SearchTextBox" time="0.103"/>
  <testcase classname="testScripts.W3School_Test" name="title_url" time="0.024"/>
</testsuite> <!-- W3School2 -->
