<?xml version="1.0" encoding="UTF-8"?>
<!-- Generated by org.testng.reporters.JUnitXMLReporter -->
<testsuite ignored="0" hostname="DESKTOP-JKMLIMQ" failures="0" tests="3" name="W3School3" time="4.08" errors="0" timestamp="2023-10-13T00:25:55 IST">
  <testcase classname="testScripts.W3School_Test" name="test_theLogo" time="0.101"/>
  <testcase classname="testScripts.W3School_Test" name="test_the_SearchTextBox" time="0.045"/>
  <testcase classname="testScripts.W3School_Test" name="title_url" time="0.017"/>
</testsuite> <!-- W3School3 -->
