<?xml version="1.0" encoding="UTF-8"?>
<!-- Generated by org.testng.reporters.JUnitXMLReporter -->
<testsuite ignored="0" hostname="DESKTOP-JKMLIMQ" failures="0" tests="3" name="W3School1" time="47.66" errors="0" timestamp="2023-10-13T00:26:10 IST">
  <testcase classname="testScripts.W3School_Test" name="test_theLogo" time="0.102"/>
  <testcase classname="testScripts.W3School_Test" name="test_the_SearchTextBox" time="0.086"/>
  <testcase classname="testScripts.W3School_Test" name="title_url" time="0.057"/>
</testsuite> <!-- W3School1 -->
