<?xml version="1.0" encoding="UTF-8"?>
<!-- Generated by org.testng.reporters.JUnitXMLReporter -->
<testsuite ignored="3" hostname="DESKTOP-JKMLIMQ" failures="0" tests="1" name="group testing" time="0.026" errors="0" timestamp="2023-10-12T00:48:33 IST">
  <testcase classname="testing.Groups_Learning_TC_005" name="cart_page_validation" time="0.006"/>
  <testcase classname="testing.Groups_Learning_TC_005" name="signin_page_validation" time="0.0">
    <ignored/>
  </testcase> <!-- signin_page_validation -->
  <testcase classname="testing.Groups_Learning_TC_005" name="home_page_validation" time="0.0">
    <ignored/>
  </testcase> <!-- home_page_validation -->
  <testcase classname="testing.Groups_Learning_TC_005" name="signup_page_validation" time="0.0">
    <ignored/>
  </testcase> <!-- signup_page_validation -->
</testsuite> <!-- group testing -->
