<?xml version="1.0" encoding="UTF-8"?>
<testng-results ignored="0" total="3" passed="3" failed="0" skipped="0">
  <reporter-output>
  </reporter-output>
  <suite started-at="2023-10-17T23:07:50 IST" name="childsupportSuite" finished-at="2023-10-17T23:07:59 IST" duration-ms="9477">
    <groups>
    </groups>
    <test started-at="2023-10-17T23:07:50 IST" name="Contact us page validation" finished-at="2023-10-17T23:07:59 IST" duration-ms="9477">
      <class name="testing.TC_003">
        <test-method is-config="true" signature="launch_the_application(java.lang.String)[pri:0, instance:testing.TC_003@1e0b4072]" started-at="2023-10-17T23:07:50 IST" name="launch_the_application" finished-at="2023-10-17T23:07:56 IST" duration-ms="5823" status="PASS">
          <params>
            <param index="0">
              <value>
                <![CDATA[https://childsupport.ca.gov/]]>
              </value>
            </param>
          </params>
          <reporter-output>
          </reporter-output>
        </test-method> <!-- launch_the_application -->
        <test-method signature="test_Contact_us_2()[pri:0, instance:testing.TC_003@1e0b4072]" started-at="2023-10-17T23:07:56 IST" name="test_Contact_us_2" finished-at="2023-10-17T23:07:58 IST" duration-ms="2245" status="PASS">
          <reporter-output>
          </reporter-output>
        </test-method> <!-- test_Contact_us_2 -->
        <test-method signature="test_homepage_1(java.lang.String,java.lang.String)[pri:0, instance:testing.TC_003@1e0b4072]" started-at="2023-10-17T23:07:58 IST" name="test_homepage_1" finished-at="2023-10-17T23:07:59 IST" duration-ms="736" status="PASS">
          <params>
            <param index="0">
              <value>
                <![CDATA[CA Child Support Services]]>
              </value>
            </param>
            <param index="1">
              <value>
                <![CDATA[https://childsupport.ca.gov/]]>
              </value>
            </param>
          </params>
          <reporter-output>
          </reporter-output>
        </test-method> <!-- test_homepage_1 -->
        <test-method signature="testing_3()[pri:0, instance:testing.TC_003@1e0b4072]" started-at="2023-10-17T23:07:59 IST" name="testing_3" finished-at="2023-10-17T23:07:59 IST" duration-ms="6" status="PASS">
          <reporter-output>
          </reporter-output>
        </test-method> <!-- testing_3 -->
        <test-method is-config="true" signature="close_application()[pri:0, instance:testing.TC_003@1e0b4072]" started-at="2023-10-17T23:07:59 IST" name="close_application" finished-at="2023-10-17T23:07:59 IST" duration-ms="414" status="PASS">
          <reporter-output>
          </reporter-output>
        </test-method> <!-- close_application -->
      </class> <!-- testing.TC_003 -->
    </test> <!-- Contact us page validation -->
  </suite> <!-- childsupportSuite -->
</testng-results>
